\BOOKMARK [1][-]{section.1}{Copyrights}{}% 1
\BOOKMARK [1][-]{section.2}{Introduction}{}% 2
\BOOKMARK [1][-]{section.3}{Races}{}% 3
\BOOKMARK [2][-]{subsection.3.1}{Tibbit - Conversion 3.5e to 5e}{section.3}% 4
\BOOKMARK [3][-]{subsubsection.3.1.1}{Tibbit Racial Traits}{subsection.3.1}% 5
\BOOKMARK [2][-]{subsection.3.2}{Race2}{section.3}% 6
\BOOKMARK [2][-]{subsection.3.3}{Race3}{section.3}% 7
\BOOKMARK [1][-]{section.4}{Classes}{}% 8
\BOOKMARK [1][-]{section.5}{Class - Card Master\(WT\)}{}% 9
\BOOKMARK [2][-]{subsection.5.1}{Lore1}{section.5}% 10
\BOOKMARK [2][-]{subsection.5.2}{Lore2}{section.5}% 11
\BOOKMARK [2][-]{subsection.5.3}{Creating a Card Master}{section.5}% 12
\BOOKMARK [3][-]{subsubsection.5.3.1}{Quick build}{subsection.5.3}% 13
\BOOKMARK [2][-]{subsection.5.4}{Class features}{section.5}% 14
\BOOKMARK [3][-]{subsubsection.5.4.1}{Hit Points}{subsection.5.4}% 15
\BOOKMARK [3][-]{subsubsection.5.4.2}{Proficiencies}{subsection.5.4}% 16
\BOOKMARK [3][-]{subsubsection.5.4.3}{Equipment}{subsection.5.4}% 17
\BOOKMARK [2][-]{subsection.5.5}{A Set of Cards}{section.5}% 18
\BOOKMARK [1][-]{section.6}{Set of cards}{}% 19
\BOOKMARK [2][-]{subsection.6.1}{Elemental Cards- WT}{section.6}% 20
\BOOKMARK [2][-]{subsection.6.2}{Wild Cards - WT}{section.6}% 21
\BOOKMARK [2][-]{subsection.6.3}{Tarot Cards}{section.6}% 22
\BOOKMARK [1][-]{section.7}{Class - Ancestral power}{}% 23
\BOOKMARK [2][-]{subsection.7.1}{SubClass1}{section.7}% 24
\BOOKMARK [2][-]{subsection.7.2}{SubClass2}{section.7}% 25
\BOOKMARK [1][-]{section.8}{Oath of the Judge}{}% 26
\BOOKMARK [1][-]{section.9}{Fighter Martial Archetypes:}{}% 27
\BOOKMARK [2][-]{subsection.9.1}{Diehard}{section.9}% 28
\BOOKMARK [2][-]{subsection.9.2}{Ideas}{section.9}% 29
\BOOKMARK [3][-]{subsubsection.9.2.1}{3rd level - Never say die!}{subsection.9.2}% 30
\BOOKMARK [3][-]{subsubsection.9.2.2}{7th level}{subsection.9.2}% 31
\BOOKMARK [3][-]{subsubsection.9.2.3}{10th level}{subsection.9.2}% 32
\BOOKMARK [3][-]{subsubsection.9.2.4}{15th level}{subsection.9.2}% 33
\BOOKMARK [3][-]{subsubsection.9.2.5}{18th level}{subsection.9.2}% 34
\BOOKMARK [1][-]{section.10}{Arcane Tradition:}{}% 35
\BOOKMARK [2][-]{subsection.10.1}{School of Souls\(WT\)}{section.10}% 36
\BOOKMARK [3][-]{subsubsection.10.1.1}{2th level}{subsection.10.1}% 37
\BOOKMARK [3][-]{subsubsection.10.1.2}{6th level}{subsection.10.1}% 38
\BOOKMARK [3][-]{subsubsection.10.1.3}{10th level}{subsection.10.1}% 39
\BOOKMARK [3][-]{subsubsection.10.1.4}{14th level}{subsection.10.1}% 40
\BOOKMARK [1][-]{section.11}{Backgrounds}{}% 41
\BOOKMARK [2][-]{subsection.11.1}{Time Traveller}{section.11}% 42
\BOOKMARK [3][-]{subsubsection.11.1.1}{The Reason}{subsection.11.1}% 43
\BOOKMARK [3][-]{subsubsection.11.1.2}{Feature: }{subsection.11.1}% 44
\BOOKMARK [3][-]{subsubsection.11.1.3}{Variant Time Traveller: Deja Wu}{subsection.11.1}% 45
\BOOKMARK [2][-]{subsection.11.2}{Background2}{section.11}% 46
\BOOKMARK [1][-]{section.12}{Equipment}{}% 47
\BOOKMARK [2][-]{subsection.12.1}{Equipment1}{section.12}% 48
\BOOKMARK [2][-]{subsection.12.2}{Equipment2}{section.12}% 49
\BOOKMARK [2][-]{subsection.12.3}{Equipment3}{section.12}% 50
\BOOKMARK [1][-]{section.13}{Monsters}{}% 51
\BOOKMARK [2][-]{subsection.13.1}{Monster1}{section.13}% 52
\BOOKMARK [2][-]{subsection.13.2}{Monster1}{section.13}% 53
\BOOKMARK [2][-]{subsection.13.3}{Monster1}{section.13}% 54
\BOOKMARK [1][-]{section.14}{Spells}{}% 55
\BOOKMARK [2][-]{subsection.14.1}{Spell ideas}{section.14}% 56
\BOOKMARK [2][-]{subsection.14.2}{Spells2}{section.14}% 57
\BOOKMARK [2][-]{subsection.14.3}{Spells3}{section.14}% 58
\BOOKMARK [1][-]{section.15}{Example Section}{}% 59
\BOOKMARK [2][-]{subsection.15.1}{Fun with boxes}{section.15}% 60
\BOOKMARK [3][-]{subsubsection.15.1.1}{Even more fun!}{subsection.15.1}% 61
\BOOKMARK [1][-]{section.16}{Acknowledgments}{}% 62
